<?xml version="1.0" encoding="UTF-8"?>
<!-- Generated by org.testng.reporters.JUnitReportReporter -->
<testsuite hostname="DESKTOP-HKBQ6K6" failures="0" tests="1" name="mvn.Tests.sample1Test" time="0.015" errors="0" timestamp="2021-11-11T10:07:42 IST" skipped="0">
  <testcase classname="mvn.Tests.sample1Test" name="sample" time="0.015"/>
  <system-out/>
</testsuite> <!-- mvn.Tests.sample1Test -->
