<?xml version="1.0" encoding="UTF-8"?>
<!-- Generated by org.testng.reporters.JUnitReportReporter -->
<testsuite hostname="DESKTOP-HKBQ6K6" failures="0" tests="1" name="mvn.Tests.A" time="0.012" errors="0" timestamp="2021-11-11T10:17:08 IST" skipped="0">
  <testcase classname="mvn.Tests.A" name="read" time="0.012"/>
  <system-out/>
</testsuite> <!-- mvn.Tests.A -->
