<?xml version="1.0" encoding="UTF-8"?>
<!-- Generated by org.testng.reporters.JUnitReportReporter -->
<testsuite hostname="DESKTOP-HKBQ6K6" failures="0" tests="1" name="mvn.Tests.ReadDataFromCmd" time="0.012" errors="0" timestamp="2021-11-11T00:12:03 IST" skipped="0">
  <testcase classname="mvn.Tests.ReadDataFromCmd" name="read" time="0.012"/>
  <system-out/>
</testsuite> <!-- mvn.Tests.ReadDataFromCmd -->
